<?xml version="1.0" encoding="UTF-8"?>
<!-- Generated by org.testng.reporters.JUnitXMLReporter -->
<testsuite ignored="0" hostname="LAPTOP-35ISERKL" failures="0" tests="4" name="Default test" time="41.603" errors="0" timestamp="2024-08-03T21:38:39 IST">
  <testcase classname="rahulshettyacademy.OrangeHRMLogin" name="validLogin" time="3.064"/>
  <testcase classname="rahulshettyacademy.OrangeHRMLogin" name="validLogin" time="4.671"/>
  <testcase classname="rahulshettyacademy.OrangeHRMLogin" name="InvalidLoginCreds" time="2.244"/>
  <testcase classname="rahulshettyacademy.OrangeHRMLogin" name="InvalidLoginCreds" time="2.802"/>
</testsuite> <!-- Default test -->
