<?xml version="1.0" encoding="UTF-8"?>
<!-- Generated by org.testng.reporters.JUnitXMLReporter -->
<testsuite ignored="0" hostname="LAPTOP-35ISERKL" failures="0" tests="4" name="Login Functionality" time="48.153" errors="0" timestamp="2024-08-03T21:35:12 IST">
  <testcase classname="rahulshettyacademy.OrangeHRMLogin" name="InvalidLoginCreds" time="3.401"/>
  <testcase classname="rahulshettyacademy.OrangeHRMLogin" name="InvalidLoginCreds" time="2.155"/>
  <testcase classname="rahulshettyacademy.OrangeHRMLogin" name="validLogin" time="2.147"/>
  <testcase classname="rahulshettyacademy.OrangeHRMLogin" name="validLogin" time="3.403"/>
</testsuite> <!-- Login Functionality -->
