<?xml version="1.0" encoding="UTF-8"?>
<!-- Generated by org.testng.reporters.JUnitXMLReporter -->
<testsuite ignored="1" hostname="LAPTOP-35ISERKL" failures="0" tests="2" name="Submit Order Test" time="45.474" errors="0" timestamp="2024-06-30T18:29:02 IST">
  <testcase classname="rahulshettyacademy.tests.StandAloneTest" name="submitOrder" time="5.688"/>
  <testcase classname="rahulshettyacademy.tests.StandAloneTest" name="submitOrder" time="4.385"/>
  <testcase classname="rahulshettyacademy.tests.StandAloneTest" name="OrderHistoryTest" time="0.0">
    <ignored/>
  </testcase> <!-- OrderHistoryTest -->
</testsuite> <!-- Submit Order Test -->
