<?xml version="1.0" encoding="UTF-8"?>
<!-- Generated by org.testng.reporters.JUnitXMLReporter -->
<testsuite ignored="0" hostname="LAPTOP-35ISERKL" failures="0" tests="3" name="Submit Order Test" time="98.307" errors="0" timestamp="2024-07-14T21:16:43 IST">
  <testcase classname="rahulshettyacademy.tests.StandAloneTest" name="submitOrder" time="11.188"/>
  <testcase classname="rahulshettyacademy.tests.StandAloneTest" name="submitOrder" time="5.462"/>
  <testcase classname="rahulshettyacademy.tests.StandAloneTest" name="OrderHistoryTest" time="1.224"/>
</testsuite> <!-- Submit Order Test -->
