<?xml version="1.0" encoding="UTF-8"?>
<testng-results ignored="0" total="4" passed="4" failed="0" skipped="0">
  <reporter-output>
  </reporter-output>
  <suite started-at="2024-08-03T21:37:57 IST" name="Default suite" finished-at="2024-08-03T21:38:39 IST" duration-ms="41603">
    <groups>
      <group name="Smoke">
        <method signature="OrangeHRMLogin.validLogin(java.util.HashMap)[pri:1, instance:rahulshettyacademy.OrangeHRMLogin@2d1ef81a]" name="validLogin" class="rahulshettyacademy.OrangeHRMLogin"/>
      </group> <!-- Smoke -->
    </groups>
    <test started-at="2024-08-03T21:37:57 IST" name="Default test" finished-at="2024-08-03T21:38:39 IST" duration-ms="41603">
      <class name="rahulshettyacademy.OrangeHRMLogin">
        <test-method is-config="true" signature="launchApplication()[pri:0, instance:rahulshettyacademy.OrangeHRMLogin@2d1ef81a]" started-at="2024-08-03T21:37:58 IST" name="launchApplication" finished-at="2024-08-03T21:38:05 IST" duration-ms="7558" status="PASS">
          <reporter-output>
          </reporter-output>
        </test-method> <!-- launchApplication -->
        <test-method signature="validLogin(java.util.HashMap)[pri:1, instance:rahulshettyacademy.OrangeHRMLogin@2d1ef81a]" started-at="2024-08-03T21:38:05 IST" name="validLogin" data-provider="getValidData" finished-at="2024-08-03T21:38:08 IST" duration-ms="3064" status="PASS">
          <params>
            <param index="0">
              <value>
                <![CDATA[{pass=admin123, userID=Admin}]]>
              </value>
            </param>
          </params>
          <reporter-output>
          </reporter-output>
        </test-method> <!-- validLogin -->
        <test-method is-config="true" signature="tearDown()[pri:0, instance:rahulshettyacademy.OrangeHRMLogin@2d1ef81a]" started-at="2024-08-03T21:38:08 IST" name="tearDown" finished-at="2024-08-03T21:38:08 IST" duration-ms="249" status="PASS">
          <reporter-output>
          </reporter-output>
        </test-method> <!-- tearDown -->
        <test-method is-config="true" signature="launchApplication()[pri:0, instance:rahulshettyacademy.OrangeHRMLogin@2d1ef81a]" started-at="2024-08-03T21:38:08 IST" name="launchApplication" finished-at="2024-08-03T21:38:14 IST" duration-ms="5341" status="PASS">
          <reporter-output>
          </reporter-output>
        </test-method> <!-- launchApplication -->
        <test-method signature="validLogin(java.util.HashMap)[pri:1, instance:rahulshettyacademy.OrangeHRMLogin@2d1ef81a]" started-at="2024-08-03T21:38:14 IST" name="validLogin" data-provider="getValidData" finished-at="2024-08-03T21:38:18 IST" duration-ms="4671" status="PASS">
          <params>
            <param index="0">
              <value>
                <![CDATA[{pass=admin123, userID=Admin}]]>
              </value>
            </param>
          </params>
          <reporter-output>
          </reporter-output>
        </test-method> <!-- validLogin -->
        <test-method is-config="true" signature="tearDown()[pri:0, instance:rahulshettyacademy.OrangeHRMLogin@2d1ef81a]" started-at="2024-08-03T21:38:18 IST" name="tearDown" finished-at="2024-08-03T21:38:19 IST" duration-ms="283" status="PASS">
          <reporter-output>
          </reporter-output>
        </test-method> <!-- tearDown -->
        <test-method is-config="true" signature="launchApplication()[pri:0, instance:rahulshettyacademy.OrangeHRMLogin@2d1ef81a]" started-at="2024-08-03T21:38:19 IST" name="launchApplication" finished-at="2024-08-03T21:38:26 IST" duration-ms="7597" status="PASS">
          <reporter-output>
          </reporter-output>
        </test-method> <!-- launchApplication -->
        <test-method signature="InvalidLoginCreds(java.util.HashMap)[pri:2, instance:rahulshettyacademy.OrangeHRMLogin@2d1ef81a]" started-at="2024-08-03T21:38:26 IST" name="InvalidLoginCreds" data-provider="getInvalidData" finished-at="2024-08-03T21:38:29 IST" duration-ms="2244" status="PASS">
          <params>
            <param index="0">
              <value>
                <![CDATA[{pass=wrongpassword, userID=Admin1}]]>
              </value>
            </param>
          </params>
          <reporter-output>
          </reporter-output>
        </test-method> <!-- InvalidLoginCreds -->
        <test-method is-config="true" signature="tearDown()[pri:0, instance:rahulshettyacademy.OrangeHRMLogin@2d1ef81a]" started-at="2024-08-03T21:38:29 IST" name="tearDown" finished-at="2024-08-03T21:38:29 IST" duration-ms="219" status="PASS">
          <reporter-output>
          </reporter-output>
        </test-method> <!-- tearDown -->
        <test-method is-config="true" signature="launchApplication()[pri:0, instance:rahulshettyacademy.OrangeHRMLogin@2d1ef81a]" started-at="2024-08-03T21:38:29 IST" name="launchApplication" finished-at="2024-08-03T21:38:36 IST" duration-ms="6911" status="PASS">
          <reporter-output>
          </reporter-output>
        </test-method> <!-- launchApplication -->
        <test-method signature="InvalidLoginCreds(java.util.HashMap)[pri:2, instance:rahulshettyacademy.OrangeHRMLogin@2d1ef81a]" started-at="2024-08-03T21:38:36 IST" name="InvalidLoginCreds" data-provider="getInvalidData" finished-at="2024-08-03T21:38:38 IST" duration-ms="2802" status="PASS">
          <params>
            <param index="0">
              <value>
                <![CDATA[{pass=12345, userID=Admin2}]]>
              </value>
            </param>
          </params>
          <reporter-output>
          </reporter-output>
        </test-method> <!-- InvalidLoginCreds -->
        <test-method is-config="true" signature="tearDown()[pri:0, instance:rahulshettyacademy.OrangeHRMLogin@2d1ef81a]" started-at="2024-08-03T21:38:38 IST" name="tearDown" finished-at="2024-08-03T21:38:39 IST" duration-ms="208" status="PASS">
          <reporter-output>
          </reporter-output>
        </test-method> <!-- tearDown -->
      </class> <!-- rahulshettyacademy.OrangeHRMLogin -->
    </test> <!-- Default test -->
  </suite> <!-- Default suite -->
</testng-results>
